<?xml version="1.0" encoding="UTF-8"?>
<!-- Generated by org.testng.reporters.JUnitReportReporter -->
<testsuite hostname="DESKTOP-AV4QK6J" failures="0" tests="1" name="testClasses.LoginTest" time="5.921" errors="0" timestamp="2024-11-08T14:27:08 IST" skipped="0">
  <testcase classname="testClasses.LoginTest" name="VerifyLogin" time="5.921"/>
  <system-out/>
</testsuite> <!-- testClasses.LoginTest -->
